рҹҡҖ Starting Wiggum Worker for: calorie-counter
рҹ“Қ Project Path: /home/julien/Desktop/Free-Wiggum-opencode/projects/calorie-counter
вҸ° Started at: Thu Mar 12 10:55:46 PM EDT 2026
вҡЎ Token Budget: 64000
в”Ғв”Ғв”Ғв”Ғв”Ғв”Ғв”Ғв”Ғв”Ғв”Ғв”Ғв”Ғв”Ғв”Ғв”Ғв”Ғв”Ғв”Ғв”Ғв”Ғв”Ғв”Ғв”Ғв”Ғв”Ғв”Ғв”Ғв”Ғв”Ғв”Ғв”Ғв”Ғв•җв•җв•җв•җ

рҹ“Қ Iteration 1 at Thu Mar 12 10:55:46 PM EDT 2026...
рҹӨ– OpenCode processing: Define project scope and user stories for calorie tracking features
[0m
> build В· stepfun/step-3.5-flash:free
[0m
I'll start by reading the current TASKS.md and exploring the project structure to understand what exists.
[0mвҶ’ [0mRead TASKS.md
[0mвңұ [0mGlob "**/*"[90m 37 matches[0m
[0mвҶ’ [0mRead README.md
Let me check the current README.md to understand what needs updating:
[0m
[0mвҶҗ [0mEdit README.md
Index: /home/julien/Desktop/Free-Wiggum-opencode/projects/calorie-counter/README.md
===================================================================
--- /home/julien/Desktop/Free-Wiggum-opencode/projects/calorie-counter/README.md
+++ /home/julien/Desktop/Free-Wiggum-opencode/projects/calorie-counter/README.md
@@ -1,29 +1,94 @@
-# Project Template
+# Calorie Counter
 
-This is a template for new projects created via `wiggum_master.sh create`.
+A full-stack web application for tracking daily calorie intake with a React frontend and Node.js/Express backend.
 
-Each project:
-- Lives in `projects/<project-name>/`
-- Has its own GitHub repository
-- Runs its own autonomous OpenCode agent loop
-- Tracks progress in TASKS.md
+## Project Scope
 
-## Setup
+Build a calorie tracking system that allows users to:
+- Log meals with food name, calorie count, date, and meal type
+- View meals grouped by date with daily calorie totals
+- Query a food database for calorie information
+- Filter meals by date range
 
-1. Create: `bash wiggum_master.sh create "my-project" "Description"`
-2. View: `cat projects/my-project/README.md`
-3. Initialize: `cd projects/my-project && opencode /init --yes`
-4. Run: `cd projects/my-project && bash wiggum.sh`
+## User Stories
 
-## Files
+1. **As a user**, I want to add a meal entry with food name, calories, date, and meal type (breakfast/lunch/dinner/snack) so that I can track what I eat.
 
-- **README.md** - Project documentation
-- **TASKS.md** - Development task list
-- **prompt.txt** - Agent instructions (project-specific)
-- **AGENTS.md** - Project context (auto-generated)
-- **src/** - Source code directory
-- **tests/** - Test files
+2. **As a user**, I want to view all my meals grouped by date so that I can see my consumption patterns.
 
-## Customization
+3. **As a user**, I want to see daily calorie totals so that I can monitor my intake against goals.
 
-Update TASKS.md with your project goals, then let the agent handle it!
+4. **As a user**, I want to delete incorrect meal entries so that my log stays accurate.
+
+5. **As a user**, I want to filter meals by date range so that I can focus on specific periods.
+
+6. **As a user**, I want quick access to common food calorie values so that I can log meals efficiently.
+
+## Tech Stack
+
+- **Frontend**: React with functional components, hooks, and Context API for state management
+- **Backend**: Node.js/Express with middleware (CORS, body-parser, helmet)
+- **Database**: SQLite with tables for users, foods, and meals
+- **API**: RESTful endpoints for CRUD operations on meals and food lookup
+- **Testing**: Jest/Supertest for backend, React Testing Library for frontend
+
+## Features
+
+- Meal creation with calorie tracking
+- Date-based grouping and filtering
+- Daily calorie summaries
+- Food database integration
+- Responsive UI design
+
+## Setup Instructions
+
+1. **Clone and install dependencies**:
+   ```bash
+   cd client && npm install
+   cd ../server && npm install
+   ```
+
+2. **Start the backend server**:
+   ```bash
+   cd server && npm start
+   ```
+   Server runs on http://localhost:3001
+
+3. **Start the frontend development server**:
+   ```bash
+   cd client && npm start
+   ```
+   App runs on http://localhost:3000
+
+4. **Run tests**:
+   ```bash
+   cd server && npm test
+   cd ../client && npm test
+   ```
+
+## API Endpoints
+
+- `GET /api/meals` - Retrieve all meals (with optional date filtering)
+- `POST /api/meals` - Create a new meal entry
+- `DELETE /api/meals/:id` - Delete a meal
+- `GET /api/foods` - Search food database for calorie information
+
+## Project Structure
+
+```
+calorie-counter/
+в”ңв”Җв”Җ client/           # React frontend
+в”Ӯ   в”ңв”Җв”Җ src/
+в”Ӯ   в”Ӯ   в”ңв”Җв”Җ components/
+в”Ӯ   в”Ӯ   в”ңв”Җв”Җ context/
+в”Ӯ   в”Ӯ   в””в”Җв”Җ App.js
+в”Ӯ   в””в”Җв”Җ package.json
+в”ңв”Җв”Җ server/           # Express backend
+в”Ӯ   в”ңв”Җв”Җ src/
+в”Ӯ   в”Ӯ   в”ңв”Җв”Җ routes/
+в”Ӯ   в”Ӯ   в”ңв”Җв”Җ middleware/
+в”Ӯ   в”Ӯ   в””в”Җв”Җ database/
+в”Ӯ   в””в”Җв”Җ package.json
+в”ңв”Җв”Җ TASKS.md          # Development progress
+в””в”Җв”Җ README.md         # This file
+```

[0m
[0mвҶҗ [0mEdit TASKS.md
Index: /home/julien/Desktop/Free-Wiggum-opencode/projects/calorie-counter/TASKS.md
===================================================================
--- /home/julien/Desktop/Free-Wiggum-opencode/projects/calorie-counter/TASKS.md
+++ /home/julien/Desktop/Free-Wiggum-opencode/projects/calorie-counter/TASKS.md
@@ -1,9 +1,9 @@
 # calorie-counter
 **Mission:** Keep track of calories consumed
 
 ## Phase 1: Planning & Setup
-- [ ] Define project scope and user stories for calorie tracking features
+- [x] Define project scope and user stories for calorie tracking features
 - [ ] Choose technology stack: React frontend, Node.js/Express backend, SQLite database
 - [ ] Initialize git repository with proper .gitignore and branching strategy
 - [ ] Create project structure: `client/` and `server/` directories with package.json files
 

[0m
I'll now update the README.md with the project scope and user stories, then mark the task complete in TASKS.md:
Now I'll commit and push these changes:
